# JRE version: OpenJDK Runtime Environment (8.0_152-b06) (build 1.8.0_152-release-1136-b06)
# Java VM: OpenJDK 64-Bit Server VM (25.152-b06 mixed mode windows-amd64 compressed oops)
Heap:
 PSYoungGen      total 135168K, used 86310K [0x00000000e0000000, 0x00000000ea280000, 0x0000000100000000)
  eden space 126464K, 68% used [0x00000000e0000000,0x00000000e54499c8,0x00000000e7b80000)
  from space 8704K, 0% used [0x00000000e7b80000,0x00000000e7b80000,0x00000000e8400000)
  to   space 11264K, 0% used [0x00000000e9780000,0x00000000e9780000,0x00000000ea280000)
 ParOldGen       total 61440K, used 19293K [0x00000000a0000000, 0x00000000a3c00000, 0x00000000e0000000)
  object space 61440K, 31% used [0x00000000a0000000,0x00000000a12d75a8,0x00000000a3c00000)
 Metaspace       used 40101K, capacity 40764K, committed 41088K, reserved 1085440K
  class space    used 5440K, capacity 5662K, committed 5760K, reserved 1048576K
GC Heap History (10 events):
Event: 6.960 GC heap before
{Heap before GC invocations=7 (full 0):
 PSYoungGen      total 71168K, used 25245K [0x00000000e0000000, 0x00000000e4f00000, 0x0000000100000000)
  eden space 64512K, 28% used [0x00000000e0000000,0x00000000e123d980,0x00000000e3f00000)
  from space 6656K, 98% used [0x00000000e4680000,0x00000000e4ce9c08,0x00000000e4d00000)
  to   space 7680K, 0% used [0x00000000e3f00000,0x00000000e3f00000,0x00000000e4680000)
 ParOldGen       total 44032K, used 7804K [0x00000000a0000000, 0x00000000a2b00000, 0x00000000e0000000)
  object space 44032K, 17% used [0x00000000a0000000,0x00000000a079f258,0x00000000a2b00000)
 Metaspace       used 20808K, capacity 21244K, committed 21248K, reserved 1067008K
  class space    used 2916K, capacity 3072K, committed 3072K, reserved 1048576K
Event: 6.977 GC heap after
Heap after GC invocations=7 (full 0):
 PSYoungGen      total 72192K, used 5924K [0x00000000e0000000, 0x00000000e8d00000, 0x0000000100000000)
  eden space 64512K, 0% used [0x00000000e0000000,0x00000000e0000000,0x00000000e3f00000)
  from space 7680K, 77% used [0x00000000e3f00000,0x00000000e44c90c0,0x00000000e4680000)
  to   space 7680K, 0% used [0x00000000e8580000,0x00000000e8580000,0x00000000e8d00000)
 ParOldGen       total 44032K, used 8600K [0x00000000a0000000, 0x00000000a2b00000, 0x00000000e0000000)
  object space 44032K, 19% used [0x00000000a0000000,0x00000000a08662b8,0x00000000a2b00000)
 Metaspace       used 20808K, capacity 21244K, committed 21248K, reserved 1067008K
  class space    used 2916K, capacity 3072K, committed 3072K, reserved 1048576K
}
Event: 6.977 GC heap before
{Heap before GC invocations=8 (full 1):
 PSYoungGen      total 72192K, used 5924K [0x00000000e0000000, 0x00000000e8d00000, 0x0000000100000000)
  eden space 64512K, 0% used [0x00000000e0000000,0x00000000e0000000,0x00000000e3f00000)
  from space 7680K, 77% used [0x00000000e3f00000,0x00000000e44c90c0,0x00000000e4680000)
  to   space 7680K, 0% used [0x00000000e8580000,0x00000000e8580000,0x00000000e8d00000)
 ParOldGen       total 44032K, used 8600K [0x00000000a0000000, 0x00000000a2b00000, 0x00000000e0000000)
  object space 44032K, 19% used [0x00000000a0000000,0x00000000a08662b8,0x00000000a2b00000)
 Metaspace       used 20808K, capacity 21244K, committed 21248K, reserved 1067008K
  class space    used 2916K, capacity 3072K, committed 3072K, reserved 1048576K
Event: 7.046 GC heap after
Heap after GC invocations=8 (full 1):
 PSYoungGen      total 72192K, used 0K [0x00000000e0000000, 0x00000000e8d00000, 0x0000000100000000)
  eden space 64512K, 0% used [0x00000000e0000000,0x00000000e0000000,0x00000000e3f00000)
  from space 7680K, 0% used [0x00000000e3f00000,0x00000000e3f00000,0x00000000e4680000)
  to   space 7680K, 0% used [0x00000000e8580000,0x00000000e8580000,0x00000000e8d00000)
 ParOldGen       total 35840K, used 9176K [0x00000000a0000000, 0x00000000a2300000, 0x00000000e0000000)
  object space 35840K, 25% used [0x00000000a0000000,0x00000000a08f6048,0x00000000a2300000)
 Metaspace       used 20808K, capacity 21244K, committed 21248K, reserved 1067008K
  class space    used 2916K, capacity 3072K, committed 3072K, reserved 1048576K
}
Event: 9.394 GC heap before
{Heap before GC invocations=9 (full 1):
 PSYoungGen      total 72192K, used 64512K [0x00000000e0000000, 0x00000000e8d00000, 0x0000000100000000)
  eden space 64512K, 100% used [0x00000000e0000000,0x00000000e3f00000,0x00000000e3f00000)
  from space 7680K, 0% used [0x00000000e3f00000,0x00000000e3f00000,0x00000000e4680000)
  to   space 7680K, 0% used [0x00000000e8580000,0x00000000e8580000,0x00000000e8d00000)
 ParOldGen       total 35840K, used 9176K [0x00000000a0000000, 0x00000000a2300000, 0x00000000e0000000)
  object space 35840K, 25% used [0x00000000a0000000,0x00000000a08f6048,0x00000000a2300000)
 Metaspace       used 26563K, capacity 26966K, committed 27136K, reserved 1073152K
  class space    used 3638K, capacity 3797K, committed 3840K, reserved 1048576K
Event: 9.441 GC heap after
Heap after GC invocations=9 (full 1):
 PSYoungGen      total 112640K, used 6805K [0x00000000e0000000, 0x00000000e8c80000, 0x0000000100000000)
  eden space 105472K, 0% used [0x00000000e0000000,0x00000000e0000000,0x00000000e6700000)
  from space 7168K, 94% used [0x00000000e8580000,0x00000000e8c25738,0x00000000e8c80000)
  to   space 8704K, 0% used [0x00000000e7b80000,0x00000000e7b80000,0x00000000e8400000)
 ParOldGen       total 35840K, used 9184K [0x00000000a0000000, 0x00000000a2300000, 0x00000000e0000000)
  object space 35840K, 25% used [0x00000000a0000000,0x00000000a08f8048,0x00000000a2300000)
 Metaspace       used 26563K, capacity 26966K, committed 27136K, reserved 1073152K
  class space    used 3638K, capacity 3797K, committed 3840K, reserved 1048576K
}
Event: 13.045 GC heap before
{Heap before GC invocations=10 (full 1):
 PSYoungGen      total 112640K, used 101114K [0x00000000e0000000, 0x00000000e8c80000, 0x0000000100000000)
  eden space 105472K, 89% used [0x00000000e0000000,0x00000000e5c19198,0x00000000e6700000)
  from space 7168K, 94% used [0x00000000e8580000,0x00000000e8c25738,0x00000000e8c80000)
  to   space 8704K, 0% used [0x00000000e7b80000,0x00000000e7b80000,0x00000000e8400000)
 ParOldGen       total 35840K, used 9184K [0x00000000a0000000, 0x00000000a2300000, 0x00000000e0000000)
  object space 35840K, 25% used [0x00000000a0000000,0x00000000a08f8048,0x00000000a2300000)
 Metaspace       used 34762K, capacity 35312K, committed 35416K, reserved 1079296K
  class space    used 4809K, capacity 5028K, committed 5120K, reserved 1048576K
Event: 13.076 GC heap after
Heap after GC invocations=10 (full 1):
 PSYoungGen      total 135168K, used 8672K [0x00000000e0000000, 0x00000000ea280000, 0x0000000100000000)
  eden space 126464K, 0% used [0x00000000e0000000,0x00000000e0000000,0x00000000e7b80000)
  from space 8704K, 99% used [0x00000000e7b80000,0x00000000e83f81f0,0x00000000e8400000)
  to   space 11264K, 0% used [0x00000000e9780000,0x00000000e9780000,0x00000000ea280000)
 ParOldGen       total 35840K, used 13282K [0x00000000a0000000, 0x00000000a2300000, 0x00000000e0000000)
  object space 35840K, 37% used [0x00000000a0000000,0x00000000a0cf89b8,0x00000000a2300000)
 Metaspace       used 34762K, capacity 35312K, committed 35416K, reserved 1079296K
  class space    used 4809K, capacity 5028K, committed 5120K, reserved 1048576K
}
Event: 13.076 GC heap before
{Heap before GC invocations=11 (full 2):
 PSYoungGen      total 135168K, used 8672K [0x00000000e0000000, 0x00000000ea280000, 0x0000000100000000)
  eden space 126464K, 0% used [0x00000000e0000000,0x00000000e0000000,0x00000000e7b80000)
  from space 8704K, 99% used [0x00000000e7b80000,0x00000000e83f81f0,0x00000000e8400000)
  to   space 11264K, 0% used [0x00000000e9780000,0x00000000e9780000,0x00000000ea280000)
 ParOldGen       total 35840K, used 13282K [0x00000000a0000000, 0x00000000a2300000, 0x00000000e0000000)
  object space 35840K, 37% used [0x00000000a0000000,0x00000000a0cf89b8,0x00000000a2300000)
 Metaspace       used 34762K, capacity 35312K, committed 35416K, reserved 1079296K
  class space    used 4809K, capacity 5028K, committed 5120K, reserved 1048576K
Event: 13.294 GC heap after
Heap after GC invocations=11 (full 2):
 PSYoungGen      total 135168K, used 0K [0x00000000e0000000, 0x00000000ea280000, 0x0000000100000000)
  eden space 126464K, 0% used [0x00000000e0000000,0x00000000e0000000,0x00000000e7b80000)
  from space 8704K, 0% used [0x00000000e7b80000,0x00000000e7b80000,0x00000000e8400000)
  to   space 11264K, 0% used [0x00000000e9780000,0x00000000e9780000,0x00000000ea280000)
 ParOldGen       total 61440K, used 19293K [0x00000000a0000000, 0x00000000a3c00000, 0x00000000e0000000)
  object space 61440K, 31% used [0x00000000a0000000,0x00000000a12d75a8,0x00000000a3c00000)
 Metaspace       used 34762K, capacity 35312K, committed 35416K, reserved 1079296K
  class space    used 4809K, capacity 5028K, committed 5120K, reserved 1048576K
}

