# JRE version: OpenJDK Runtime Environment (8.0_152-b06) (build 1.8.0_152-release-1136-b06)
# Java VM: OpenJDK 64-Bit Server VM (25.152-b06 mixed mode windows-amd64 compressed oops)
Heap:
 PSYoungGen      total 113152K, used 111291K [0x00000000e0000000, 0x00000000e7a00000, 0x0000000100000000)
  eden space 104448K, 98% used [0x00000000e0000000,0x00000000e649ab98,0x00000000e6600000)
  from space 8704K, 95% used [0x00000000e6f80000,0x00000000e77943c0,0x00000000e7800000)
  to   space 9728K, 0% used [0x00000000e6600000,0x00000000e6600000,0x00000000e6f80000)
 ParOldGen       total 56320K, used 16228K [0x00000000a0000000, 0x00000000a3700000, 0x00000000e0000000)
  object space 56320K, 28% used [0x00000000a0000000,0x00000000a0fd90c8,0x00000000a3700000)
 Metaspace       used 49802K, capacity 50942K, committed 51160K, reserved 1093632K
  class space    used 6690K, capacity 7058K, committed 7168K, reserved 1048576K
GC Heap History (10 events):
Event: 9.920 GC heap before
{Heap before GC invocations=10 (full 1):
 PSYoungGen      total 71168K, used 64512K [0x00000000e0000000, 0x00000000e4c00000, 0x0000000100000000)
  eden space 64512K, 100% used [0x00000000e0000000,0x00000000e3f00000,0x00000000e3f00000)
  from space 6656K, 0% used [0x00000000e4580000,0x00000000e4580000,0x00000000e4c00000)
  to   space 6656K, 0% used [0x00000000e3f00000,0x00000000e3f00000,0x00000000e4580000)
 ParOldGen       total 35328K, used 8511K [0x00000000a0000000, 0x00000000a2280000, 0x00000000e0000000)
  object space 35328K, 24% used [0x00000000a0000000,0x00000000a084fdd0,0x00000000a2280000)
 Metaspace       used 26575K, capacity 27030K, committed 27136K, reserved 1073152K
  class space    used 3639K, capacity 3797K, committed 3840K, reserved 1048576K
Event: 9.939 GC heap after
Heap after GC invocations=10 (full 1):
 PSYoungGen      total 71168K, used 6637K [0x00000000e0000000, 0x00000000e6100000, 0x0000000100000000)
  eden space 64512K, 0% used [0x00000000e0000000,0x00000000e0000000,0x00000000e3f00000)
  from space 6656K, 99% used [0x00000000e3f00000,0x00000000e457b688,0x00000000e4580000)
  to   space 7680K, 0% used [0x00000000e5980000,0x00000000e5980000,0x00000000e6100000)
 ParOldGen       total 35328K, used 8766K [0x00000000a0000000, 0x00000000a2280000, 0x00000000e0000000)
  object space 35328K, 24% used [0x00000000a0000000,0x00000000a088fa88,0x00000000a2280000)
 Metaspace       used 26575K, capacity 27030K, committed 27136K, reserved 1073152K
  class space    used 3639K, capacity 3797K, committed 3840K, reserved 1048576K
}
Event: 14.879 GC heap before
{Heap before GC invocations=11 (full 1):
 PSYoungGen      total 71168K, used 71149K [0x00000000e0000000, 0x00000000e6100000, 0x0000000100000000)
  eden space 64512K, 100% used [0x00000000e0000000,0x00000000e3f00000,0x00000000e3f00000)
  from space 6656K, 99% used [0x00000000e3f00000,0x00000000e457b688,0x00000000e4580000)
  to   space 7680K, 0% used [0x00000000e5980000,0x00000000e5980000,0x00000000e6100000)
 ParOldGen       total 35328K, used 8766K [0x00000000a0000000, 0x00000000a2280000, 0x00000000e0000000)
  object space 35328K, 24% used [0x00000000a0000000,0x00000000a088fa88,0x00000000a2280000)
 Metaspace       used 29915K, capacity 30398K, committed 30592K, reserved 1075200K
  class space    used 4180K, capacity 4385K, committed 4480K, reserved 1048576K
Event: 14.894 GC heap after
Heap after GC invocations=11 (full 1):
 PSYoungGen      total 89600K, used 7651K [0x00000000e0000000, 0x00000000e6100000, 0x0000000100000000)
  eden space 81920K, 0% used [0x00000000e0000000,0x00000000e0000000,0x00000000e5000000)
  from space 7680K, 99% used [0x00000000e5980000,0x00000000e60f8ff0,0x00000000e6100000)
  to   space 8704K, 0% used [0x00000000e5000000,0x00000000e5000000,0x00000000e5880000)
 ParOldGen       total 35328K, used 9698K [0x00000000a0000000, 0x00000000a2280000, 0x00000000e0000000)
  object space 35328K, 27% used [0x00000000a0000000,0x00000000a0978840,0x00000000a2280000)
 Metaspace       used 29915K, capacity 30398K, committed 30592K, reserved 1075200K
  class space    used 4180K, capacity 4385K, committed 4480K, reserved 1048576K
}
Event: 15.926 GC heap before
{Heap before GC invocations=12 (full 1):
 PSYoungGen      total 89600K, used 36361K [0x00000000e0000000, 0x00000000e6100000, 0x0000000100000000)
  eden space 81920K, 35% used [0x00000000e0000000,0x00000000e1c09720,0x00000000e5000000)
  from space 7680K, 99% used [0x00000000e5980000,0x00000000e60f8ff0,0x00000000e6100000)
  to   space 8704K, 0% used [0x00000000e5000000,0x00000000e5000000,0x00000000e5880000)
 ParOldGen       total 35328K, used 9698K [0x00000000a0000000, 0x00000000a2280000, 0x00000000e0000000)
  object space 35328K, 27% used [0x00000000a0000000,0x00000000a0978840,0x00000000a2280000)
 Metaspace       used 34607K, capacity 35202K, committed 35416K, reserved 1079296K
  class space    used 4801K, capacity 4989K, committed 4992K, reserved 1048576K
Event: 15.947 GC heap after
Heap after GC invocations=12 (full 1):
 PSYoungGen      total 90624K, used 4243K [0x00000000e0000000, 0x00000000e7800000, 0x0000000100000000)
  eden space 81920K, 0% used [0x00000000e0000000,0x00000000e0000000,0x00000000e5000000)
  from space 8704K, 48% used [0x00000000e5000000,0x00000000e5424f80,0x00000000e5880000)
  to   space 8704K, 0% used [0x00000000e6f80000,0x00000000e6f80000,0x00000000e7800000)
 ParOldGen       total 35328K, used 14911K [0x00000000a0000000, 0x00000000a2280000, 0x00000000e0000000)
  object space 35328K, 42% used [0x00000000a0000000,0x00000000a0e8fc30,0x00000000a2280000)
 Metaspace       used 34607K, capacity 35202K, committed 35416K, reserved 1079296K
  class space    used 4801K, capacity 4989K, committed 4992K, reserved 1048576K
}
Event: 15.947 GC heap before
{Heap before GC invocations=13 (full 2):
 PSYoungGen      total 90624K, used 4243K [0x00000000e0000000, 0x00000000e7800000, 0x0000000100000000)
  eden space 81920K, 0% used [0x00000000e0000000,0x00000000e0000000,0x00000000e5000000)
  from space 8704K, 48% used [0x00000000e5000000,0x00000000e5424f80,0x00000000e5880000)
  to   space 8704K, 0% used [0x00000000e6f80000,0x00000000e6f80000,0x00000000e7800000)
 ParOldGen       total 35328K, used 14911K [0x00000000a0000000, 0x00000000a2280000, 0x00000000e0000000)
  object space 35328K, 42% used [0x00000000a0000000,0x00000000a0e8fc30,0x00000000a2280000)
 Metaspace       used 34607K, capacity 35202K, committed 35416K, reserved 1079296K
  class space    used 4801K, capacity 4989K, committed 4992K, reserved 1048576K
Event: 16.058 GC heap after
Heap after GC invocations=13 (full 2):
 PSYoungGen      total 90624K, used 0K [0x00000000e0000000, 0x00000000e7800000, 0x0000000100000000)
  eden space 81920K, 0% used [0x00000000e0000000,0x00000000e0000000,0x00000000e5000000)
  from space 8704K, 0% used [0x00000000e5000000,0x00000000e5000000,0x00000000e5880000)
  to   space 8704K, 0% used [0x00000000e6f80000,0x00000000e6f80000,0x00000000e7800000)
 ParOldGen       total 56320K, used 16220K [0x00000000a0000000, 0x00000000a3700000, 0x00000000e0000000)
  object space 56320K, 28% used [0x00000000a0000000,0x00000000a0fd70c8,0x00000000a3700000)
 Metaspace       used 34607K, capacity 35202K, committed 35416K, reserved 1079296K
  class space    used 4801K, capacity 4989K, committed 4992K, reserved 1048576K
}
Event: 18.469 GC heap before
{Heap before GC invocations=14 (full 2):
 PSYoungGen      total 90624K, used 81920K [0x00000000e0000000, 0x00000000e7800000, 0x0000000100000000)
  eden space 81920K, 100% used [0x00000000e0000000,0x00000000e5000000,0x00000000e5000000)
  from space 8704K, 0% used [0x00000000e5000000,0x00000000e5000000,0x00000000e5880000)
  to   space 8704K, 0% used [0x00000000e6f80000,0x00000000e6f80000,0x00000000e7800000)
 ParOldGen       total 56320K, used 16220K [0x00000000a0000000, 0x00000000a3700000, 0x00000000e0000000)
  object space 56320K, 28% used [0x00000000a0000000,0x00000000a0fd70c8,0x00000000a3700000)
 Metaspace       used 39580K, capacity 40284K, committed 40408K, reserved 1083392K
  class space    used 5394K, capacity 5630K, committed 5632K, reserved 1048576K
Event: 18.497 GC heap after
Heap after GC invocations=14 (full 2):
 PSYoungGen      total 113152K, used 8272K [0x00000000e0000000, 0x00000000e7a00000, 0x0000000100000000)
  eden space 104448K, 0% used [0x00000000e0000000,0x00000000e0000000,0x00000000e6600000)
  from space 8704K, 95% used [0x00000000e6f80000,0x00000000e77943c0,0x00000000e7800000)
  to   space 9728K, 0% used [0x00000000e6600000,0x00000000e6600000,0x00000000e6f80000)
 ParOldGen       total 56320K, used 16228K [0x00000000a0000000, 0x00000000a3700000, 0x00000000e0000000)
  object space 56320K, 28% used [0x00000000a0000000,0x00000000a0fd90c8,0x00000000a3700000)
 Metaspace       used 39580K, capacity 40284K, committed 40408K, reserved 1083392K
  class space    used 5394K, capacity 5630K, committed 5632K, reserved 1048576K
}

