# JRE version: OpenJDK Runtime Environment (8.0_152-b06) (build 1.8.0_152-release-1136-b06)
# Java VM: OpenJDK 64-Bit Server VM (25.152-b06 mixed mode windows-amd64 compressed oops)
Heap:
 PSYoungGen      total 227328K, used 166130K [0x00000000e0000000, 0x00000000ef200000, 0x0000000100000000)
  eden space 206848K, 74% used [0x00000000e0000000,0x00000000e96a99b0,0x00000000eca00000)
  from space 20480K, 57% used [0x00000000eca00000,0x00000000ed593028,0x00000000ede00000)
  to   space 14336K, 0% used [0x00000000ee400000,0x00000000ee400000,0x00000000ef200000)
 ParOldGen       total 128512K, used 45071K [0x00000000a0000000, 0x00000000a7d80000, 0x00000000e0000000)
  object space 128512K, 35% used [0x00000000a0000000,0x00000000a2c03ea8,0x00000000a7d80000)
 Metaspace       used 80242K, capacity 83414K, committed 83672K, reserved 1122304K
  class space    used 10294K, capacity 10976K, committed 11008K, reserved 1048576K
GC Heap History (10 events):
Event: 491.194 GC heap before
{Heap before GC invocations=15 (full 3):
 PSYoungGen      total 195584K, used 185471K [0x00000000e0000000, 0x00000000ed400000, 0x0000000100000000)
  eden space 175104K, 100% used [0x00000000e0000000,0x00000000eab00000,0x00000000eab00000)
  from space 20480K, 50% used [0x00000000eab00000,0x00000000eb51fec0,0x00000000ebf00000)
  to   space 19968K, 0% used [0x00000000ec080000,0x00000000ec080000,0x00000000ed400000)
 ParOldGen       total 91136K, used 28855K [0x00000000a0000000, 0x00000000a5900000, 0x00000000e0000000)
  object space 91136K, 31% used [0x00000000a0000000,0x00000000a1c2df58,0x00000000a5900000)
 Metaspace       used 61932K, capacity 63746K, committed 63960K, reserved 1103872K
  class space    used 8148K, capacity 8586K, committed 8704K, reserved 1048576K
Event: 491.219 GC heap after
Heap after GC invocations=15 (full 3):
 PSYoungGen      total 197632K, used 7096K [0x00000000e0000000, 0x00000000ef580000, 0x0000000100000000)
  eden space 177664K, 0% used [0x00000000e0000000,0x00000000e0000000,0x00000000ead80000)
  from space 19968K, 35% used [0x00000000ec080000,0x00000000ec76e128,0x00000000ed400000)
  to   space 19456K, 0% used [0x00000000ead80000,0x00000000ead80000,0x00000000ec080000)
 ParOldGen       total 91136K, used 28855K [0x00000000a0000000, 0x00000000a5900000, 0x00000000e0000000)
  object space 91136K, 31% used [0x00000000a0000000,0x00000000a1c2df58,0x00000000a5900000)
 Metaspace       used 61932K, capacity 63746K, committed 63960K, reserved 1103872K
  class space    used 8148K, capacity 8586K, committed 8704K, reserved 1048576K
}
Event: 508.481 GC heap before
{Heap before GC invocations=16 (full 3):
 PSYoungGen      total 197632K, used 184760K [0x00000000e0000000, 0x00000000ef580000, 0x0000000100000000)
  eden space 177664K, 100% used [0x00000000e0000000,0x00000000ead80000,0x00000000ead80000)
  from space 19968K, 35% used [0x00000000ec080000,0x00000000ec76e128,0x00000000ed400000)
  to   space 19456K, 0% used [0x00000000ead80000,0x00000000ead80000,0x00000000ec080000)
 ParOldGen       total 91136K, used 28859K [0x00000000a0000000, 0x00000000a5900000, 0x00000000e0000000)
  object space 91136K, 31% used [0x00000000a0000000,0x00000000a1c2ef68,0x00000000a5900000)
 Metaspace       used 68016K, capacity 69910K, committed 70232K, reserved 1110016K
  class space    used 8792K, capacity 9234K, committed 9344K, reserved 1048576K
Event: 508.530 GC heap after
Heap after GC invocations=16 (full 3):
 PSYoungGen      total 197120K, used 13563K [0x00000000e0000000, 0x00000000ef780000, 0x0000000100000000)
  eden space 177664K, 0% used [0x00000000e0000000,0x00000000e0000000,0x00000000ead80000)
  from space 19456K, 69% used [0x00000000ead80000,0x00000000ebabefb0,0x00000000ec080000)
  to   space 19968K, 0% used [0x00000000ee400000,0x00000000ee400000,0x00000000ef780000)
 ParOldGen       total 91136K, used 28867K [0x00000000a0000000, 0x00000000a5900000, 0x00000000e0000000)
  object space 91136K, 31% used [0x00000000a0000000,0x00000000a1c30f68,0x00000000a5900000)
 Metaspace       used 68016K, capacity 69910K, committed 70232K, reserved 1110016K
  class space    used 8792K, capacity 9234K, committed 9344K, reserved 1048576K
}
Event: 516.247 GC heap before
{Heap before GC invocations=17 (full 4):
 PSYoungGen      total 197120K, used 190639K [0x00000000e0000000, 0x00000000ef780000, 0x0000000100000000)
  eden space 177664K, 99% used [0x00000000e0000000,0x00000000eacecfd8,0x00000000ead80000)
  from space 19456K, 69% used [0x00000000ead80000,0x00000000ebabefb0,0x00000000ec080000)
  to   space 19968K, 0% used [0x00000000ee400000,0x00000000ee400000,0x00000000ef780000)
 ParOldGen       total 94208K, used 93380K [0x00000000a0000000, 0x00000000a5c00000, 0x00000000e0000000)
  object space 94208K, 99% used [0x00000000a0000000,0x00000000a5b31358,0x00000000a5c00000)
 Metaspace       used 69121K, capacity 71184K, committed 71384K, reserved 1112064K
  class space    used 8959K, capacity 9435K, committed 9472K, reserved 1048576K
Event: 516.652 GC heap after
Heap after GC invocations=17 (full 4):
 PSYoungGen      total 197120K, used 0K [0x00000000e0000000, 0x00000000ef780000, 0x0000000100000000)
  eden space 177664K, 0% used [0x00000000e0000000,0x00000000e0000000,0x00000000ead80000)
  from space 19456K, 0% used [0x00000000ead80000,0x00000000ead80000,0x00000000ec080000)
  to   space 19968K, 0% used [0x00000000ee400000,0x00000000ee400000,0x00000000ef780000)
 ParOldGen       total 128512K, used 45055K [0x00000000a0000000, 0x00000000a7d80000, 0x00000000e0000000)
  object space 128512K, 35% used [0x00000000a0000000,0x00000000a2bffea8,0x00000000a7d80000)
 Metaspace       used 69121K, capacity 71184K, committed 71384K, reserved 1112064K
  class space    used 8959K, capacity 9435K, committed 9472K, reserved 1048576K
}
Event: 523.281 GC heap before
{Heap before GC invocations=18 (full 4):
 PSYoungGen      total 197120K, used 177664K [0x00000000e0000000, 0x00000000ef780000, 0x0000000100000000)
  eden space 177664K, 100% used [0x00000000e0000000,0x00000000ead80000,0x00000000ead80000)
  from space 19456K, 0% used [0x00000000ead80000,0x00000000ead80000,0x00000000ec080000)
  to   space 19968K, 0% used [0x00000000ee400000,0x00000000ee400000,0x00000000ef780000)
 ParOldGen       total 128512K, used 45055K [0x00000000a0000000, 0x00000000a7d80000, 0x00000000e0000000)
  object space 128512K, 35% used [0x00000000a0000000,0x00000000a2bffea8,0x00000000a7d80000)
 Metaspace       used 69686K, capacity 71828K, committed 72024K, reserved 1112064K
  class space    used 9044K, capacity 9559K, committed 9600K, reserved 1048576K
Event: 523.290 GC heap after
Heap after GC invocations=18 (full 4):
 PSYoungGen      total 221184K, used 1216K [0x00000000e0000000, 0x00000000ef200000, 0x0000000100000000)
  eden space 206848K, 0% used [0x00000000e0000000,0x00000000e0000000,0x00000000eca00000)
  from space 14336K, 8% used [0x00000000ee400000,0x00000000ee5303c8,0x00000000ef200000)
  to   space 20480K, 0% used [0x00000000eca00000,0x00000000eca00000,0x00000000ede00000)
 ParOldGen       total 128512K, used 45063K [0x00000000a0000000, 0x00000000a7d80000, 0x00000000e0000000)
  object space 128512K, 35% used [0x00000000a0000000,0x00000000a2c01ea8,0x00000000a7d80000)
 Metaspace       used 69686K, capacity 71828K, committed 72024K, reserved 1112064K
  class space    used 9044K, capacity 9559K, committed 9600K, reserved 1048576K
}
Event: 542.759 GC heap before
{Heap before GC invocations=19 (full 4):
 PSYoungGen      total 221184K, used 208064K [0x00000000e0000000, 0x00000000ef200000, 0x0000000100000000)
  eden space 206848K, 100% used [0x00000000e0000000,0x00000000eca00000,0x00000000eca00000)
  from space 14336K, 8% used [0x00000000ee400000,0x00000000ee5303c8,0x00000000ef200000)
  to   space 20480K, 0% used [0x00000000eca00000,0x00000000eca00000,0x00000000ede00000)
 ParOldGen       total 128512K, used 45063K [0x00000000a0000000, 0x00000000a7d80000, 0x00000000e0000000)
  object space 128512K, 35% used [0x00000000a0000000,0x00000000a2c01ea8,0x00000000a7d80000)
 Metaspace       used 77763K, capacity 80542K, committed 80600K, reserved 1120256K
  class space    used 10087K, capacity 10694K, committed 10752K, reserved 1048576K
Event: 542.783 GC heap after
Heap after GC invocations=19 (full 4):
 PSYoungGen      total 227328K, used 11852K [0x00000000e0000000, 0x00000000ef200000, 0x0000000100000000)
  eden space 206848K, 0% used [0x00000000e0000000,0x00000000e0000000,0x00000000eca00000)
  from space 20480K, 57% used [0x00000000eca00000,0x00000000ed593028,0x00000000ede00000)
  to   space 14336K, 0% used [0x00000000ee400000,0x00000000ee400000,0x00000000ef200000)
 ParOldGen       total 128512K, used 45071K [0x00000000a0000000, 0x00000000a7d80000, 0x00000000e0000000)
  object space 128512K, 35% used [0x00000000a0000000,0x00000000a2c03ea8,0x00000000a7d80000)
 Metaspace       used 77763K, capacity 80542K, committed 80600K, reserved 1120256K
  class space    used 10087K, capacity 10694K, committed 10752K, reserved 1048576K
}

